[ 2016-10-11T17:33:55+08:00 ] ::1 /PHP_ON_TYE_WAY/PHP_CODES_BACKUP/7_thinkPHP/shop/index.php/Home/Index/index.js.map
ERR: 非法操作:index.js.map

[ 2016-10-11T17:33:59+08:00 ] ::1 /PHP_ON_TYE_WAY/PHP_CODES_BACKUP/7_thinkPHP/shop/index.php/Home/Index/in
ERR: 非法操作:in

[ 2016-10-11T17:33:59+08:00 ] ::1 /PHP_ON_TYE_WAY/PHP_CODES_BACKUP/7_thinkPHP/shop/index.php/Home/Index/index.js.map
ERR: 非法操作:index.js.map

[ 2016-10-11T17:34:02+08:00 ] ::1 /PHP_ON_TYE_WAY/PHP_CODES_BACKUP/7_thinkPHP/shop/index.php/Home/Index/index.js.map
ERR: 非法操作:index.js.map

[ 2016-10-11T17:34:06+08:00 ] ::1 /PHP_ON_TYE_WAY/PHP_CODES_BACKUP/7_thinkPHP/shop/index.php/Home/Index/index.js.map
ERR: 非法操作:index.js.map

[ 2016-10-11T17:41:54+08:00 ] ::1 /PHP_ON_TYE_WAY/PHP_CODES_BACKUP/7_thinkPHP/shop/index.php/Home/Index/index.js.map
ERR: 非法操作:index.js.map

[ 2016-10-11T17:41:55+08:00 ] ::1 /PHP_ON_TYE_WAY/PHP_CODES_BACKUP/7_thinkPHP/shop/index.php/Home/Index/index.js.map
ERR: 非法操作:index.js.map

[ 2016-10-11T17:42:35+08:00 ] ::1 /PHP_ON_TYE_WAY/PHP_CODES_BACKUP/7_thinkPHP/shop/index.php/Home/Index/index.js.map
ERR: 非法操作:index.js.map

[ 2016-10-11T17:59:53+08:00 ] ::1 /PHP_ON_TYE_WAY/PHP_CODES_BACKUP/7_thinkPHP/shop/index.php?s=/Home/User/greeting
ERR: 无法加载控制器:User

[ 2016-10-11T17:59:55+08:00 ] ::1 /PHP_ON_TYE_WAY/PHP_CODES_BACKUP/7_thinkPHP/shop/index.php?s=/Home/User/greeting
ERR: 无法加载控制器:User

[ 2016-10-11T18:01:10+08:00 ] ::1 /PHP_ON_TYE_WAY/PHP_CODES_BACKUP/7_thinkPHP/shop/index.php?s=/Home/User/greeting
ERR: 无法加载控制器:User

[ 2016-10-11T18:01:12+08:00 ] ::1 /PHP_ON_TYE_WAY/PHP_CODES_BACKUP/7_thinkPHP/shop/index.php?s=/Home/User/greeting
ERR: 无法加载控制器:User

[ 2016-10-11T18:01:43+08:00 ] ::1 /PHP_ON_TYE_WAY/PHP_CODES_BACKUP/7_thinkPHP/shop/index.php/Home/User/greeting
ERR: 无法加载控制器:User

[ 2016-10-11T18:01:43+08:00 ] ::1 /PHP_ON_TYE_WAY/PHP_CODES_BACKUP/7_thinkPHP/shop/index.php/Home/User/index.js.map
ERR: 无法加载控制器:User

[ 2016-10-11T18:02:03+08:00 ] ::1 /PHP_ON_TYE_WAY/PHP_CODES_BACKUP/7_thinkPHP/shop/index.php/Home/User/index.js.map
ERR: 非法操作:index.js.map

[ 2016-10-11T18:02:30+08:00 ] ::1 /PHP_ON_TYE_WAY/PHP_CODES_BACKUP/7_thinkPHP/shop/index.php/Home/User/index.js.map
ERR: 非法操作:index.js.map

